<?xml version="1.0" encoding="UTF-8"?>
<!-- Generated by org.testng.reporters.JUnitReportReporter -->
<testsuite hostname="BhargaviShetty" failures="0" tests="3" name="testNGpackage.ClassTest" time="21.496" errors="0" timestamp="2024-09-22T09:46:33 IST" skipped="0">
  <testcase classname="testNGpackage.ClassTest" name="Test" time="6.850"/>
  <system-out/>
  <testcase classname="testNGpackage.ClassTest" name="Test2" time="7.079"/>
  <system-out/>
  <testcase classname="testNGpackage.ClassTest" name="Test3" time="7.567"/>
  <system-out/>
</testsuite> <!-- testNGpackage.ClassTest -->
