<?xml version="1.0" encoding="UTF-8"?>
<!-- Generated by org.testng.reporters.JUnitReportReporter -->
<testsuite hostname="BhargaviShetty" failures="0" tests="4" name="com.DataDrivenFramework.GuruLoginPageTest" time="27.797" errors="0" timestamp="2024-09-23T09:10:02 IST" skipped="0">
  <testcase classname="com.DataDrivenFramework.GuruLoginPageTest" name="GuruBankLoginPageTest" time="6.612"/>
  <system-out/>
  <testcase classname="com.DataDrivenFramework.GuruLoginPageTest" name="GuruBankLoginPageTest" time="7.192"/>
  <system-out/>
  <testcase classname="com.DataDrivenFramework.GuruLoginPageTest" name="GuruBankLoginPageTest" time="6.613"/>
  <system-out/>
  <testcase classname="com.DataDrivenFramework.GuruLoginPageTest" name="GuruBankLoginPageTest" time="7.380"/>
  <system-out/>
</testsuite> <!-- com.DataDrivenFramework.GuruLoginPageTest -->
