<?xml version="1.0" encoding="UTF-8"?>
<!-- Generated by org.testng.reporters.JUnitReportReporter -->
<testsuite hostname="BhargaviShetty" failures="0" tests="3" name="testNGpackage.TestNGBasics" time="0.010" errors="0" timestamp="2024-09-25T07:27:37 IST" skipped="0">
  <testcase classname="testNGpackage.TestNGBasics" name="googleTitle" time="0.003"/>
  <system-out/>
  <testcase classname="testNGpackage.TestNGBasics" name="CheckElementInGoogle" time="0.005"/>
  <system-out/>
  <testcase classname="testNGpackage.TestNGBasics" name="signinButton" time="0.002"/>
  <system-out/>
</testsuite> <!-- testNGpackage.TestNGBasics -->
