<?xml version="1.0" encoding="UTF-8"?>
<!-- Generated by org.testng.reporters.JUnitReportReporter -->
<testsuite hostname="BhargaviShetty" failures="0" tests="1" name="testNGpackage.LoginTest" time="6.867" errors="0" timestamp="2024-09-22T09:46:33 IST" skipped="0">
  <testcase classname="testNGpackage.LoginTest" name="LoginPage" time="6.867"/>
  <system-out/>
</testsuite> <!-- testNGpackage.LoginTest -->
