<?xml version="1.0" encoding="UTF-8"?>
<!-- Generated by org.testng.reporters.JUnitReportReporter -->
<testsuite hostname="BhargaviShetty" failures="0" tests="3" name="testNGpackage.ClassTest" time="23.318" errors="0" timestamp="2024-09-25T07:27:37 IST" skipped="0">
  <testcase classname="testNGpackage.ClassTest" name="Test" time="6.793"/>
  <system-out/>
  <testcase classname="testNGpackage.ClassTest" name="Test2" time="9.505"/>
  <system-out/>
  <testcase classname="testNGpackage.ClassTest" name="Test3" time="7.020"/>
  <system-out/>
</testsuite> <!-- testNGpackage.ClassTest -->
