<?xml version="1.0" encoding="UTF-8"?>
<!-- Generated by org.testng.reporters.JUnitReportReporter -->
<testsuite hostname="BhargaviShetty" failures="0" tests="1" name="testNGpackage.BrowserTest" time="9.149" errors="0" timestamp="2024-09-22T09:46:33 IST" skipped="0">
  <testcase classname="testNGpackage.BrowserTest" name="loginTest" time="9.149"/>
  <system-out/>
</testsuite> <!-- testNGpackage.BrowserTest -->
